[M::mm_idx_gen::0.275*1.39] collected minimizers
[M::mm_idx_gen::0.307*1.99] sorted minimizers
[M::main::0.307*1.99] loaded/built the index for 2890 target sequence(s)
[M::mm_mapopt_update::0.328*1.92] mid_occ = 200
[M::mm_idx_stat] kmer size: 19; skip: 19; is_hpc: 0; #seq: 2890
[M::mm_idx_stat::0.339*1.89] distinct minimizers: 752768 (99.47% are singletons); average occurrences: 1.007; average spacing: 10.107
[M::worker_pipeline::3.556*5.75] mapped 242437 sequences
[M::worker_pipeline::5.898*6.80] mapped 243689 sequences
[M::worker_pipeline::7.575*7.78] mapped 244999 sequences
[M::worker_pipeline::9.202*8.38] mapped 244988 sequences
[M::worker_pipeline::10.993*8.66] mapped 246312 sequences
[M::worker_pipeline::12.752*8.92] mapped 246021 sequences
[M::worker_pipeline::14.695*9.00] mapped 247975 sequences
[M::worker_pipeline::16.207*9.27] mapped 246681 sequences
[M::worker_pipeline::17.834*9.43] mapped 248990 sequences
[M::worker_pipeline::19.464*9.57] mapped 249351 sequences
[M::worker_pipeline::21.194*9.61] mapped 250199 sequences
[M::worker_pipeline::21.199*9.61] mapped 10441 sequences
[M::main] Version: 2.11-r797
[M::main] CMD: /home/robyn/tools/quast-5.0.2/quast_libs/minimap2/minimap2 -c -x asm10 -B5 -O4,16 --no-long-join -r 85 -N 100 -s 65 -z 200 --mask-level 1 --min-occ 200 -g 2500 --score-N 2 --cs -t 12 /home/robyn/PET/quast_results/Thioclava_assembled_TARA_PSE_RAW/quast_corrected_input/combined_reference.fasta /home/robyn/PET/quast_results/Thioclava_assembled_TARA_PSE_RAW/combined_reference/../quast_corrected_input/TARA_PSE_RAW.fa
[M::main] Real time: 21.247 sec; CPU: 203.832 sec
