[M::mm_idx_gen::0.155*1.74] collected minimizers
[M::mm_idx_gen::0.183*2.76] sorted minimizers
[M::main::0.183*2.75] loaded/built the index for 79 target sequence(s)
[M::mm_mapopt_update::0.195*2.65] mid_occ = 200
[M::mm_idx_stat] kmer size: 19; skip: 19; is_hpc: 0; #seq: 79
[M::mm_idx_stat::0.202*2.59] distinct minimizers: 420154 (99.72% are singletons); average occurrences: 1.007; average spacing: 10.009
[M::worker_pipeline::3.424*5.81] mapped 242437 sequences
[M::worker_pipeline::5.380*7.03] mapped 243689 sequences
[M::worker_pipeline::7.044*7.87] mapped 244999 sequences
[M::worker_pipeline::8.607*8.48] mapped 244988 sequences
[M::worker_pipeline::10.349*8.75] mapped 246312 sequences
[M::worker_pipeline::12.097*8.97] mapped 246021 sequences
[M::worker_pipeline::13.848*9.10] mapped 247975 sequences
[M::worker_pipeline::15.583*9.21] mapped 246681 sequences
[M::worker_pipeline::17.209*9.38] mapped 248990 sequences
[M::worker_pipeline::18.837*9.50] mapped 249351 sequences
[M::worker_pipeline::20.557*9.54] mapped 250199 sequences
[M::worker_pipeline::20.563*9.54] mapped 10441 sequences
[M::main] Version: 2.11-r797
[M::main] CMD: /home/robyn/tools/quast-5.0.2/quast_libs/minimap2/minimap2 -c -x asm10 -B5 -O4,16 --no-long-join -r 85 -N 100 -s 65 -z 200 --mask-level 1 --min-occ 200 -g 2500 --score-N 2 --cs -t 12 /home/robyn/PET/quast_results/Bacillus_assembled_TARA_PSE_RAW/quast_corrected_input/combined_reference.fasta /home/robyn/PET/quast_results/Bacillus_assembled_TARA_PSE_RAW/combined_reference/../quast_corrected_input/TARA_PSE_RAW.fa
[M::main] Real time: 20.618 sec; CPU: 196.172 sec
