[M::mm_idx_gen::0.142*1.87] collected minimizers
[M::mm_idx_gen::0.166*2.89] sorted minimizers
[M::main::0.166*2.89] loaded/built the index for 4375 target sequence(s)
[M::mm_mapopt_update::0.174*2.80] mid_occ = 200
[M::mm_idx_stat] kmer size: 19; skip: 19; is_hpc: 0; #seq: 4375
[M::mm_idx_stat::0.181*2.74] distinct minimizers: 343375 (99.88% are singletons); average occurrences: 1.002; average spacing: 10.348
[M::worker_pipeline::3.364*5.96] mapped 242437 sequences
[M::worker_pipeline::5.435*7.08] mapped 243689 sequences
[M::worker_pipeline::7.025*7.94] mapped 244999 sequences
[M::worker_pipeline::8.620*8.49] mapped 244988 sequences
[M::worker_pipeline::10.436*8.74] mapped 246312 sequences
[M::worker_pipeline::12.102*8.96] mapped 246021 sequences
[M::worker_pipeline::13.839*9.10] mapped 247975 sequences
[M::worker_pipeline::15.447*9.26] mapped 246681 sequences
[M::worker_pipeline::17.031*9.43] mapped 248990 sequences
[M::worker_pipeline::18.527*9.59] mapped 249351 sequences
[M::worker_pipeline::20.297*9.59] mapped 250199 sequences
[M::worker_pipeline::20.302*9.59] mapped 10441 sequences
[M::main] Version: 2.11-r797
[M::main] CMD: /home/robyn/tools/quast-5.0.2/quast_libs/minimap2/minimap2 -c -x asm10 -B5 -O4,16 --no-long-join -r 85 -N 100 -s 65 -z 200 --mask-level 1 --min-occ 200 -g 2500 --score-N 2 --cs -t 12 /home/robyn/PET/quast_results/Bacillus_annotated_TARA_PSE_RAW/quast_corrected_input/combined_reference.fasta /home/robyn/PET/quast_results/Bacillus_annotated_TARA_PSE_RAW/combined_reference/../quast_corrected_input/TARA_PSE_RAW.fa
[M::main] Real time: 20.368 sec; CPU: 194.806 sec
